<?xml version="1.0" encoding="UTF-8"?>
<!-- Generated by org.testng.reporters.JUnitReportReporter -->
<testsuite hostname="DESKTOP-RMN1B59" failures="0" tests="1" name="BrokenLinkTest" time="0.124" errors="0" timestamp="2023-08-17T10:00:41 IST" skipped="0">
  <testcase classname="BrokenLinkTest" name="urlll" time="0.124"/>
</testsuite> <!-- BrokenLinkTest -->
