<?xml version="1.0" encoding="UTF-8"?>
<!-- Generated by org.testng.reporters.JUnitReportReporter -->
<testsuite hostname="DESKTOP-RMN1B59" failures="0" tests="1" name="BottomLinkTest" time="9.656" errors="0" timestamp="2023-08-16T15:32:12 IST" skipped="0">
  <testcase classname="BottomLinkTest" name="link" time="9.656"/>
</testsuite> <!-- BottomLinkTest -->
