<?xml version="1.0" encoding="UTF-8"?>
<!-- Generated by org.testng.reporters.JUnitReportReporter -->
<testsuite hostname="DESKTOP-RMN1B59" failures="0" tests="1" name="AccountTest" time="186.212" errors="0" timestamp="2023-08-16T10:19:55 IST" skipped="0">
  <testcase classname="AccountTest" name="CreateAccountTest" time="186.212"/>
</testsuite> <!-- AccountTest -->
